1980-01-05|1|商标注册公告（一）|2018-12-15|1DE2E9080F2E44C3ADCD40B281C21E50||135065|http://sbgg.saic.gov.cn:9080/tmann/annInfoView/homePage.html|中国商标网||商标注册|http://sbgg.saic.gov.cn:9080/tmann/annInfoView/annSearch.html?annNum=1|#
1980-01-05|1|商标转让/移转公告|2018-12-15|698DE69434AD4094A3B074A9A91DCFF6|壳牌国际股份公司|31927|http://sbgg.saic.gov.cn:9080/tmann/annInfoView/homePage.html|中国商标网|SHELL|商标注册|http://sbgg.saic.gov.cn:9080/tmann/annInfoView/annSearch.html?annNum=1|#
1980-01-05|1|商标注册公告（一）|2018-12-15|54DB73713BB24F6B9672F25BD264F286|新疆天山水泥股份有限公司|135019|http://sbgg.saic.gov.cn:9080/tmann/annInfoView/homePage.html|中国商标网|天山|商标注册|http://sbgg.saic.gov.cn:9080/tmann/annInfoView/annSearch.html?annNum=1|#
1980-01-05|1|商标注册公告（一）|2018-12-15|83C0A7D7881D4BBBBEB03CDC52563706||135152|http://sbgg.saic.gov.cn:9080/tmann/annInfoView/homePage.html|中国商标网||商标注册|http://sbgg.saic.gov.cn:9080/tmann/annInfoView/annSearch.html?annNum=1|#
1980-01-05|1|注册商标续展公告|2018-12-15|5C2F3B67D610431688701048CF67186E||30754|http://sbgg.saic.gov.cn:9080/tmann/annInfoView/homePage.html|中国商标网||商标注册|http://sbgg.saic.gov.cn:9080/tmann/annInfoView/annSearch.html?annNum=1|#
1980-01-05|1|商标注册公告（一）|2018-12-15|437CEC0EB6E74077910E43C0AADBCD32||135132|http://sbgg.saic.gov.cn:9080/tmann/annInfoView/homePage.html|中国商标网||商标注册|http://sbgg.saic.gov.cn:9080/tmann/annInfoView/annSearch.html?annNum=1|#
1980-01-05|1|商标注册公告（一）|2018-12-15|4AD085FC440E473598682118E1395840|中国武进图书设备用品工业公司|135182|http://sbgg.saic.gov.cn:9080/tmann/annInfoView/homePage.html|中国商标网|环球|商标注册|http://sbgg.saic.gov.cn:9080/tmann/annInfoView/annSearch.html?annNum=1|#
1980-01-05|1|商标注册公告（一）|2018-12-15|197F919C8B3E4BBA8BDAC5067683597C||135088|http://sbgg.saic.gov.cn:9080/tmann/annInfoView/homePage.html|中国商标网||商标注册|http://sbgg.saic.gov.cn:9080/tmann/annInfoView/annSearch.html?annNum=1|#
1980-01-05|1|商标注册公告（一）|2018-12-15|D8031FBD9C784190AA71A1DA358D414A|北京化二股份有限公司|135206|http://sbgg.saic.gov.cn:9080/tmann/annInfoView/homePage.html|中国商标网|长城|商标注册|http://sbgg.saic.gov.cn:9080/tmann/annInfoView/annSearch.html?annNum=1|#
1980-01-05|1|注册商标续展公告|2018-12-15|456F566E2DEB416A90B6B97D7CF09D53||30753|http://sbgg.saic.gov.cn:9080/tmann/annInfoView/homePage.html|中国商标网||商标注册|http://sbgg.saic.gov.cn:9080/tmann/annInfoView/annSearch.html?annNum=1|#
1980-01-05|1|商标注册公告（一）|2018-12-15|1D1F4823DD7542A9B68DCCECCAB9A98A||135084|http://sbgg.saic.gov.cn:9080/tmann/annInfoView/homePage.html|中国商标网||商标注册|http://sbgg.saic.gov.cn:9080/tmann/annInfoView/annSearch.html?annNum=1|#
1980-01-05|1|商标注册公告（一）|2018-12-15|2934D24D040F4D02BDE91BB6953534C1||135186|http://sbgg.saic.gov.cn:9080/tmann/annInfoView/homePage.html|中国商标网||商标注册|http://sbgg.saic.gov.cn:9080/tmann/annInfoView/annSearch.html?annNum=1|#
1980-01-05|1|注册商标续展公告|2018-12-15|4B75EE8F154A49C98372C8964045DAA2||31929|http://sbgg.saic.gov.cn:9080/tmann/annInfoView/homePage.html|中国商标网||商标注册|http://sbgg.saic.gov.cn:9080/tmann/annInfoView/annSearch.html?annNum=1|#
1980-01-05|1|商标注册公告（一）|2018-12-15|5FCDE2E8D09D43A28D97F790A8D652CF|上海双树塑料厂|135068|http://sbgg.saic.gov.cn:9080/tmann/annInfoView/homePage.html|中国商标网|双树|商标注册|http://sbgg.saic.gov.cn:9080/tmann/annInfoView/annSearch.html?annNum=1|#
1980-01-05|1|商标注册公告（一）|2018-12-15|F685DD41D505410982D2555BD981DA1A||135039|http://sbgg.saic.gov.cn:9080/tmann/annInfoView/homePage.html|中国商标网||商标注册|http://sbgg.saic.gov.cn:9080/tmann/annInfoView/annSearch.html?annNum=1|#
1980-01-05|1|商标注册公告（一）|2018-12-15|DDCE5519DEB94265AC0A00629E99A5CC||135021|http://sbgg.saic.gov.cn:9080/tmann/annInfoView/homePage.html|中国商标网||商标注册|http://sbgg.saic.gov.cn:9080/tmann/annInfoView/annSearch.html?annNum=1|#
1980-01-05|1|商标注册公告（一）|2018-12-15|5EDBED3E00F94E3CBBFF4BB89A3A959E|浙江古钟电线电缆有限公司|135164|http://sbgg.saic.gov.cn:9080/tmann/annInfoView/homePage.html|中国商标网|古钟|商标注册|http://sbgg.saic.gov.cn:9080/tmann/annInfoView/annSearch.html?annNum=1|#
1980-01-05|1|商标注册公告（一）|2018-12-15|C2C5AB00ECDF4841BDB7DEEB8FA28C98|青岛伟鹏糖果冷食品有限公司|135004|http://sbgg.saic.gov.cn:9080/tmann/annInfoView/homePage.html|中国商标网|佛桃|商标注册|http://sbgg.saic.gov.cn:9080/tmann/annInfoView/annSearch.html?annNum=1|#
1980-01-05|1|注册商标续展公告|2018-12-15|44ACBA1087344FA2B2E3EDE091A014F2|壳牌品牌国际股份公司|31869|http://sbgg.saic.gov.cn:9080/tmann/annInfoView/homePage.html|中国商标网|SHELL|商标注册|http://sbgg.saic.gov.cn:9080/tmann/annInfoView/annSearch.html?annNum=1|#
1980-01-05|1|商标注册公告（一）|2018-12-15|DA80EBD28FA7411F8CAC7D13C911302E||135174|http://sbgg.saic.gov.cn:9080/tmann/annInfoView/homePage.html|中国商标网||商标注册|http://sbgg.saic.gov.cn:9080/tmann/annInfoView/annSearch.html?annNum=1|#
1980-01-05|1|商标注册公告（一）|2018-12-15|B5D3A1944D8947168CFA71F8BF2C8F5C||135093|http://sbgg.saic.gov.cn:9080/tmann/annInfoView/homePage.html|中国商标网||商标注册|http://sbgg.saic.gov.cn:9080/tmann/annInfoView/annSearch.html?annNum=1|#
1980-01-05|1|注册商标续展公告|2018-12-15|3084EC33B80F46B6A6BC380664C3B513||31928|http://sbgg.saic.gov.cn:9080/tmann/annInfoView/homePage.html|中国商标网||商标注册|http://sbgg.saic.gov.cn:9080/tmann/annInfoView/annSearch.html?annNum=1|#
1980-01-05|1|商标注册公告（一）|2018-12-15|97A0EFA5A6BA41A38873CE94BC891206||135020|http://sbgg.saic.gov.cn:9080/tmann/annInfoView/homePage.html|中国商标网||商标注册|http://sbgg.saic.gov.cn:9080/tmann/annInfoView/annSearch.html?annNum=1|#
1980-01-05|1|商标转让/移转公告|2018-12-15|89942125151C4CCD804A5F18AE0CC708|日本烟草产业株式会社|75631|http://sbgg.saic.gov.cn:9080/tmann/annInfoView/homePage.html|中国商标网|VANTAGE|商标注册|http://sbgg.saic.gov.cn:9080/tmann/annInfoView/annSearch.html?annNum=1|#
1980-01-05|1|商标注册公告（一）|2018-12-15|A3C1E50E75824784842504D28778AEC5|国药集团汕头金石制药有限公司|135066|http://sbgg.saic.gov.cn:9080/tmann/annInfoView/homePage.html|中国商标网|双菱|商标注册|http://sbgg.saic.gov.cn:9080/tmann/annInfoView/annSearch.html?annNum=1|#
1980-01-05|1|商标注册公告（一）|2018-12-15|DCF14EA9268248139216AA7142726E2F||135038|http://sbgg.saic.gov.cn:9080/tmann/annInfoView/homePage.html|中国商标网||商标注册|http://sbgg.saic.gov.cn:9080/tmann/annInfoView/annSearch.html?annNum=1|#
1980-01-05|1|商标注册公告（一）|2018-12-15|6D14D04D34D24023B45D9536C143435F||135215|http://sbgg.saic.gov.cn:9080/tmann/annInfoView/homePage.html|中国商标网||商标注册|http://sbgg.saic.gov.cn:9080/tmann/annInfoView/annSearch.html?annNum=1|#
1980-01-05|1|商标注册公告（一）|2018-12-15|16F904ECAB5A4E7CB0F907E4E3FF1512||135057|http://sbgg.saic.gov.cn:9080/tmann/annInfoView/homePage.html|中国商标网||商标注册|http://sbgg.saic.gov.cn:9080/tmann/annInfoView/annSearch.html?annNum=1|#
1980-01-05|1|商标注册公告（一）|2018-12-15|2445262B887D43ACAA29BE9CD8B362A0||135149|http://sbgg.saic.gov.cn:9080/tmann/annInfoView/homePage.html|中国商标网||商标注册|http://sbgg.saic.gov.cn:9080/tmann/annInfoView/annSearch.html?annNum=1|#
1980-01-05|1|商标转让/移转公告|2018-12-15|C384D74BACDE40C6B47B39616AF7C96D|日本烟草产业株式会社|75809|http://sbgg.saic.gov.cn:9080/tmann/annInfoView/homePage.html|中国商标网|SALEM|商标注册|http://sbgg.saic.gov.cn:9080/tmann/annInfoView/annSearch.html?annNum=1|#
1980-01-05|1|商标注册公告（一）|2018-12-15|9DE08F86ABC14306A0E35A30BAC4F850||135124|http://sbgg.saic.gov.cn:9080/tmann/annInfoView/homePage.html|中国商标网||商标注册|http://sbgg.saic.gov.cn:9080/tmann/annInfoView/annSearch.html?annNum=1|#
1980-01-05|1|商标注册公告（一）|2018-12-15|1A9E1876913845F889E97C06B482C9C1|佩兹股份公司|135058|http://sbgg.saic.gov.cn:9080/tmann/annInfoView/homePage.html|中国商标网|PEZ|商标注册|http://sbgg.saic.gov.cn:9080/tmann/annInfoView/annSearch.html?annNum=1|#
1980-01-05|1|商标注册公告（一）|2018-12-15|0627930CD1B948D4A092B315047E7DEA||135113|http://sbgg.saic.gov.cn:9080/tmann/annInfoView/homePage.html|中国商标网||商标注册|http://sbgg.saic.gov.cn:9080/tmann/annInfoView/annSearch.html?annNum=1|#
1980-01-05|1|商标注册公告（一）|2018-12-15|55A65281F95C4D10B4BF33E31344F0BD|江西省星子县服装厂|135192|http://sbgg.saic.gov.cn:9080/tmann/annInfoView/homePage.html|中国商标网|秀峰|商标注册|http://sbgg.saic.gov.cn:9080/tmann/annInfoView/annSearch.html?annNum=1|#
1980-01-05|1|商标注册公告（一）|2018-12-15|A75DB474BF944D4B85AEBBAFF3FD1ECE||135157|http://sbgg.saic.gov.cn:9080/tmann/annInfoView/homePage.html|中国商标网||商标注册|http://sbgg.saic.gov.cn:9080/tmann/annInfoView/annSearch.html?annNum=1|#
1980-01-05|1|商标注册公告（一）|2018-12-15|5E432B780C3846ACA7133AB3A1878A9A|丰田汽车公司|135102|http://sbgg.saic.gov.cn:9080/tmann/annInfoView/homePage.html|中国商标网|TOYOTA|商标注册|http://sbgg.saic.gov.cn:9080/tmann/annInfoView/annSearch.html?annNum=1|#
1980-01-05|1|商标注册公告（一）|2018-12-15|078EA071D6124018BECCC6D94149CE3E||135145|http://sbgg.saic.gov.cn:9080/tmann/annInfoView/homePage.html|中国商标网||商标注册|http://sbgg.saic.gov.cn:9080/tmann/annInfoView/annSearch.html?annNum=1|#
1980-01-05|1|商标注册公告（一）|2018-12-15|8F088D425B5E4670ABCF81273A82F6A4||135181|http://sbgg.saic.gov.cn:9080/tmann/annInfoView/homePage.html|中国商标网||商标注册|http://sbgg.saic.gov.cn:9080/tmann/annInfoView/annSearch.html?annNum=1|#
1980-01-05|1|商标注册公告（一）|2018-12-15|3A244705EB714F5B8E08A03C7417F63C||135085|http://sbgg.saic.gov.cn:9080/tmann/annInfoView/homePage.html|中国商标网||商标注册|http://sbgg.saic.gov.cn:9080/tmann/annInfoView/annSearch.html?annNum=1|#
1980-01-05|1|商标转让/移转公告|2018-12-15|C0FD43D1573245C18D10DC91C7E0A706||30752|http://sbgg.saic.gov.cn:9080/tmann/annInfoView/homePage.html|中国商标网||商标注册|http://sbgg.saic.gov.cn:9080/tmann/annInfoView/annSearch.html?annNum=1|#
1980-01-05|1|注册商标续展公告|2018-12-15|5BA40252872C4F389A55891A14AA4BEB||30749|http://sbgg.saic.gov.cn:9080/tmann/annInfoView/homePage.html|中国商标网||商标注册|http://sbgg.saic.gov.cn:9080/tmann/annInfoView/annSearch.html?annNum=1|#
1980-01-05|1|商标注册公告（一）|2018-12-15|F7AC18271A7F45F5B63F43EA30327D3E||135185|http://sbgg.saic.gov.cn:9080/tmann/annInfoView/homePage.html|中国商标网||商标注册|http://sbgg.saic.gov.cn:9080/tmann/annInfoView/annSearch.html?annNum=1|#
1980-01-05|1|商标注册公告（一）|2018-12-15|B9214D4A5E5E4D5BB0F7C4201F0C3A3A||135153|http://sbgg.saic.gov.cn:9080/tmann/annInfoView/homePage.html|中国商标网||商标注册|http://sbgg.saic.gov.cn:9080/tmann/annInfoView/annSearch.html?annNum=1|#
1980-01-05|1|商标注册公告（一）|2018-12-15|8B0AB7D2EB7B4BD4879ABEBD3ED7C371||135070|http://sbgg.saic.gov.cn:9080/tmann/annInfoView/homePage.html|中国商标网||商标注册|http://sbgg.saic.gov.cn:9080/tmann/annInfoView/annSearch.html?annNum=1|#
1980-01-05|1|商标注册公告（一）|2018-12-15|E3CB3D4281F74D648FA97E0BF418E4F6||135128|http://sbgg.saic.gov.cn:9080/tmann/annInfoView/homePage.html|中国商标网||商标注册|http://sbgg.saic.gov.cn:9080/tmann/annInfoView/annSearch.html?annNum=1|#
1980-01-05|1|商标注册公告（一）|2018-12-15|3A8690D7D6394B358B093940B2D78BAF|广西石龙酒业有限公司|135001|http://sbgg.saic.gov.cn:9080/tmann/annInfoView/homePage.html|中国商标网|石龙|商标注册|http://sbgg.saic.gov.cn:9080/tmann/annInfoView/annSearch.html?annNum=1|#
1980-01-05|1|商标注册公告（一）|2018-12-15|70BFD9A69B8445D8A857183A8EE28388||135169|http://sbgg.saic.gov.cn:9080/tmann/annInfoView/homePage.html|中国商标网||商标注册|http://sbgg.saic.gov.cn:9080/tmann/annInfoView/annSearch.html?annNum=1|#
1980-01-05|1|商标注册公告（一）|2018-12-15|7911183594FB4F43A34444EE64208C54||135172|http://sbgg.saic.gov.cn:9080/tmann/annInfoView/homePage.html|中国商标网||商标注册|http://sbgg.saic.gov.cn:9080/tmann/annInfoView/annSearch.html?annNum=1|#
1980-01-05|1|商标注册公告（一）|2018-12-15|AF50F027C3F449F28B1522D01412F035||135121|http://sbgg.saic.gov.cn:9080/tmann/annInfoView/homePage.html|中国商标网||商标注册|http://sbgg.saic.gov.cn:9080/tmann/annInfoView/annSearch.html?annNum=1|#
1980-01-05|1|商标转让/移转公告|2018-12-15|7C718C5558474934A41B413195A8F883||31868|http://sbgg.saic.gov.cn:9080/tmann/annInfoView/homePage.html|中国商标网||商标注册|http://sbgg.saic.gov.cn:9080/tmann/annInfoView/annSearch.html?annNum=1|#
1980-01-05|1|商标注册公告（一）|2018-12-15|E29183E64ADF48CC8B7C72B06574C053|天津市中环三峰电子有限公司|135119|http://sbgg.saic.gov.cn:9080/tmann/annInfoView/homePage.html|中国商标网|三峰|商标注册|http://sbgg.saic.gov.cn:9080/tmann/annInfoView/annSearch.html?annNum=1|#
1980-01-05|1|商标注册公告（一）|2018-12-15|9C9810D0884C4450993267B210210B0E||135212|http://sbgg.saic.gov.cn:9080/tmann/annInfoView/homePage.html|中国商标网||商标注册|http://sbgg.saic.gov.cn:9080/tmann/annInfoView/annSearch.html?annNum=1|#
1980-01-05|1|商标注册公告（一）|2018-12-15|57A3C53454824C7C8FF3A31E9B00F595|丰田汽车公司|135094|http://sbgg.saic.gov.cn:9080/tmann/annInfoView/homePage.html|中国商标网|TOYOTA STOUT|商标注册|http://sbgg.saic.gov.cn:9080/tmann/annInfoView/annSearch.html?annNum=1|#
1980-01-05|1|商标转让/移转公告|2018-12-15|76869B71B7FB4E48B237F349B4DC6A60||30754|http://sbgg.saic.gov.cn:9080/tmann/annInfoView/homePage.html|中国商标网||商标注册|http://sbgg.saic.gov.cn:9080/tmann/annInfoView/annSearch.html?annNum=1|#
1980-01-05|1|商标注册公告（一）|2018-12-15|00DA0FC1C74147D9B92A732BCFFE9493||135043|http://sbgg.saic.gov.cn:9080/tmann/annInfoView/homePage.html|中国商标网||商标注册|http://sbgg.saic.gov.cn:9080/tmann/annInfoView/annSearch.html?annNum=1|#
1980-01-05|1|商标注册公告（一）|2018-12-15|28F8DF8E57864C17963AF4580D9F8CCF||135010|http://sbgg.saic.gov.cn:9080/tmann/annInfoView/homePage.html|中国商标网||商标注册|http://sbgg.saic.gov.cn:9080/tmann/annInfoView/annSearch.html?annNum=1|#
1980-01-05|1|商标注册公告（一）|2018-12-15|22EECE738D18428F9A73FBABE3DF6978||135160|http://sbgg.saic.gov.cn:9080/tmann/annInfoView/homePage.html|中国商标网||商标注册|http://sbgg.saic.gov.cn:9080/tmann/annInfoView/annSearch.html?annNum=1|#
1980-01-05|1|商标注册公告（一）|2018-12-15|921D3DBCBEBB4EF9A0C9081523305CAE||135165|http://sbgg.saic.gov.cn:9080/tmann/annInfoView/homePage.html|中国商标网||商标注册|http://sbgg.saic.gov.cn:9080/tmann/annInfoView/annSearch.html?annNum=1|#
1980-01-05|1|商标注册公告（一）|2018-12-15|88549D71CCF147D3AD1E3D38765F4971||135087|http://sbgg.saic.gov.cn:9080/tmann/annInfoView/homePage.html|中国商标网||商标注册|http://sbgg.saic.gov.cn:9080/tmann/annInfoView/annSearch.html?annNum=1|#
1980-01-05|1|商标注册公告（一）|2018-12-15|E7C180217D4C4FFF9C6050160A08EB0E|丰田汽车公司|135103|http://sbgg.saic.gov.cn:9080/tmann/annInfoView/homePage.html|中国商标网|TOYOTA|商标注册|http://sbgg.saic.gov.cn:9080/tmann/annInfoView/annSearch.html?annNum=1|#
1980-01-05|1|商标注册公告（一）|2018-12-15|4543C1B4913B4FB5A1693D90CA0D4E22|佩兹股份公司|135059|http://sbgg.saic.gov.cn:9080/tmann/annInfoView/homePage.html|中国商标网|PEZ|商标注册|http://sbgg.saic.gov.cn:9080/tmann/annInfoView/annSearch.html?annNum=1|#
1980-01-05|1|商标注册公告（一）|2018-12-15|664D65B243AF4DC995706BE87BF4954E||135155|http://sbgg.saic.gov.cn:9080/tmann/annInfoView/homePage.html|中国商标网||商标注册|http://sbgg.saic.gov.cn:9080/tmann/annInfoView/annSearch.html?annNum=1|#
1980-01-05|1|商标注册公告（一）|2018-12-15|12CC895A54FA47D69C39DBD5208E9734|丰田汽车公司|135138|http://sbgg.saic.gov.cn:9080/tmann/annInfoView/homePage.html|中国商标网|DYNA|商标注册|http://sbgg.saic.gov.cn:9080/tmann/annInfoView/annSearch.html?annNum=1|#
1980-01-05|1|商标注册公告（一）|2018-12-15|1C83ED2167EB497E92522FEA6BA21DD8||135129|http://sbgg.saic.gov.cn:9080/tmann/annInfoView/homePage.html|中国商标网||商标注册|http://sbgg.saic.gov.cn:9080/tmann/annInfoView/annSearch.html?annNum=1|#
1980-01-05|1|商标注册公告（一）|2018-12-15|9879F736649A43D7B343B127DEBB79C9||135218|http://sbgg.saic.gov.cn:9080/tmann/annInfoView/homePage.html|中国商标网||商标注册|http://sbgg.saic.gov.cn:9080/tmann/annInfoView/annSearch.html?annNum=1|#
1980-01-05|1|商标注册公告（一）|2018-12-15|B78E256D8E424C5AB5CD7EFA44F719ED|枝江市良诚纸业有限责任公司|135193|http://sbgg.saic.gov.cn:9080/tmann/annInfoView/homePage.html|中国商标网|春梅|商标注册|http://sbgg.saic.gov.cn:9080/tmann/annInfoView/annSearch.html?annNum=1|#
1980-01-05|1|商标注册公告（一）|2018-12-15|39237668DF80482CA2E139DB84FF9CBB||135221|http://sbgg.saic.gov.cn:9080/tmann/annInfoView/homePage.html|中国商标网||商标注册|http://sbgg.saic.gov.cn:9080/tmann/annInfoView/annSearch.html?annNum=1|#
1980-01-05|1|商标注册公告（一）|2018-12-15|4FB6F17FEA534FBCA922073DCD93D6D9||135154|http://sbgg.saic.gov.cn:9080/tmann/annInfoView/homePage.html|中国商标网||商标注册|http://sbgg.saic.gov.cn:9080/tmann/annInfoView/annSearch.html?annNum=1|#
1980-01-05|1|商标注册公告（一）|2018-12-15|46AC311EA0524ADF8A4A09FFF5F1ACBB||135089|http://sbgg.saic.gov.cn:9080/tmann/annInfoView/homePage.html|中国商标网||商标注册|http://sbgg.saic.gov.cn:9080/tmann/annInfoView/annSearch.html?annNum=1|#
1980-01-05|1|商标转让/移转公告|2018-12-15|F901AC152483419B9FF179A4D5BB5DF4||30755|http://sbgg.saic.gov.cn:9080/tmann/annInfoView/homePage.html|中国商标网||商标注册|http://sbgg.saic.gov.cn:9080/tmann/annInfoView/annSearch.html?annNum=1|#
1980-01-05|1|商标注册公告（一）|2018-12-15|249F3EBB9936420383F56B3F574CA691||135226|http://sbgg.saic.gov.cn:9080/tmann/annInfoView/homePage.html|中国商标网||商标注册|http://sbgg.saic.gov.cn:9080/tmann/annInfoView/annSearch.html?annNum=1|#
1980-01-05|1|注册商标续展公告|2018-12-15|A099313D34904F9EB747F53404F79A47|日本烟草产业株式会社|75629|http://sbgg.saic.gov.cn:9080/tmann/annInfoView/homePage.html|中国商标网|CAMEL|商标注册|http://sbgg.saic.gov.cn:9080/tmann/annInfoView/annSearch.html?annNum=1|#
1980-01-05|1|商标注册公告（一）|2018-12-15|A994A2BD646E41149542735C8DCFDF16||135120|http://sbgg.saic.gov.cn:9080/tmann/annInfoView/homePage.html|中国商标网||商标注册|http://sbgg.saic.gov.cn:9080/tmann/annInfoView/annSearch.html?annNum=1|#
1980-01-05|1|商标注册公告（一）|2018-12-15|7C7293BB6B144E178EF94A0321C4F010||135123|http://sbgg.saic.gov.cn:9080/tmann/annInfoView/homePage.html|中国商标网||商标注册|http://sbgg.saic.gov.cn:9080/tmann/annInfoView/annSearch.html?annNum=1|#
1980-01-05|1|注册商标续展公告|2018-12-15|90677383E0F342BBBBD0F006FB694F01||31870|http://sbgg.saic.gov.cn:9080/tmann/annInfoView/homePage.html|中国商标网||商标注册|http://sbgg.saic.gov.cn:9080/tmann/annInfoView/annSearch.html?annNum=1|#
1980-01-05|1|商标注册公告（一）|2018-12-15|723EEE444F6B4BC380D65A8BD08E4CC7||135002|http://sbgg.saic.gov.cn:9080/tmann/annInfoView/homePage.html|中国商标网||商标注册|http://sbgg.saic.gov.cn:9080/tmann/annInfoView/annSearch.html?annNum=1|#
1980-01-05|1|商标注册公告（一）|2018-12-15|E03BFE7FBF664E3DA31D58B6286CEEEE||135082|http://sbgg.saic.gov.cn:9080/tmann/annInfoView/homePage.html|中国商标网||商标注册|http://sbgg.saic.gov.cn:9080/tmann/annInfoView/annSearch.html?annNum=1|#
1980-01-05|1|注册商标续展公告|2018-12-15|28BF72B8A67E478785A724947878ABC6|日本烟草产业株式会社|75809|http://sbgg.saic.gov.cn:9080/tmann/annInfoView/homePage.html|中国商标网|SALEM|商标注册|http://sbgg.saic.gov.cn:9080/tmann/annInfoView/annSearch.html?annNum=1|#
1980-01-05|1|商标注册公告（一）|2018-12-15|7429AF76A2EB47B893B9ABC4357DB063|郑州市第一服装厂|135105|http://sbgg.saic.gov.cn:9080/tmann/annInfoView/homePage.html|中国商标网|珠兰|商标注册|http://sbgg.saic.gov.cn:9080/tmann/annInfoView/annSearch.html?annNum=1|#
1980-01-05|1|商标注册公告（一）|2018-12-15|D2EBBDF86ED44DEB885B33477F32B028||135064|http://sbgg.saic.gov.cn:9080/tmann/annInfoView/homePage.html|中国商标网||商标注册|http://sbgg.saic.gov.cn:9080/tmann/annInfoView/annSearch.html?annNum=1|#
1980-01-05|1|商标注册公告（一）|2018-12-15|6ECA0A489D894EEDB5A8471A0FEDB5F4||135179|http://sbgg.saic.gov.cn:9080/tmann/annInfoView/homePage.html|中国商标网||商标注册|http://sbgg.saic.gov.cn:9080/tmann/annInfoView/annSearch.html?annNum=1|#
1980-01-05|1|注册商标续展公告|2018-12-15|CE782AF871FB4EE9AA7CEE1FAA03533E|日本烟草产业株式会社|75631|http://sbgg.saic.gov.cn:9080/tmann/annInfoView/homePage.html|中国商标网|VANTAGE|商标注册|http://sbgg.saic.gov.cn:9080/tmann/annInfoView/annSearch.html?annNum=1|#
1980-01-05|1|商标注册公告（一）|2018-12-15|13C347E3016E468491002E9E66A38FDB||135101|http://sbgg.saic.gov.cn:9080/tmann/annInfoView/homePage.html|中国商标网||商标注册|http://sbgg.saic.gov.cn:9080/tmann/annInfoView/annSearch.html?annNum=1|#
1980-01-05|1|商标注册公告（一）|2018-12-15|FB81779227E74573AD974ADCA8B2171E|上海市崇明县合作织布厂|135081|http://sbgg.saic.gov.cn:9080/tmann/annInfoView/homePage.html|中国商标网|双体船|商标注册|http://sbgg.saic.gov.cn:9080/tmann/annInfoView/annSearch.html?annNum=1|#
1980-01-05|1|商标转让/移转公告|2018-12-15|AC9B6EABD4B54178A337029571610529||30750|http://sbgg.saic.gov.cn:9080/tmann/annInfoView/homePage.html|中国商标网||商标注册|http://sbgg.saic.gov.cn:9080/tmann/annInfoView/annSearch.html?annNum=1|#
1980-01-05|1|商标注册公告（一）|2018-12-15|BCC606131F7D4974A3044F219240A48D||135220|http://sbgg.saic.gov.cn:9080/tmann/annInfoView/homePage.html|中国商标网||商标注册|http://sbgg.saic.gov.cn:9080/tmann/annInfoView/annSearch.html?annNum=1|#
1980-01-05|1|注册商标续展公告|2018-12-15|C9CB381532C64FF1849F1B0755FB0FED||76171|http://sbgg.saic.gov.cn:9080/tmann/annInfoView/homePage.html|中国商标网||商标注册|http://sbgg.saic.gov.cn:9080/tmann/annInfoView/annSearch.html?annNum=1|#
1980-01-05|1|商标注册公告（一）|2018-12-15|6032B2BF7FC0487E8B0DB50CF360E0BE|乐高博士有限公司|135134|http://sbgg.saic.gov.cn:9080/tmann/annInfoView/homePage.html|中国商标网|LEGO|商标注册|http://sbgg.saic.gov.cn:9080/tmann/annInfoView/annSearch.html?annNum=1|#
1980-01-05|1|商标注册公告（一）|2018-12-15|B0AC3B4F8F284D648EAA77C43A0F9F60||135180|http://sbgg.saic.gov.cn:9080/tmann/annInfoView/homePage.html|中国商标网||商标注册|http://sbgg.saic.gov.cn:9080/tmann/annInfoView/annSearch.html?annNum=1|#
1980-01-05|1|商标注册公告（一）|2018-12-15|25352541698440EEBB0D7C6D0D1F8B1F|皇家飞利浦有限公司|135046|http://sbgg.saic.gov.cn:9080/tmann/annInfoView/homePage.html|中国商标网|PHILIPS|商标注册|http://sbgg.saic.gov.cn:9080/tmann/annInfoView/annSearch.html?annNum=1|#
1980-01-05|1|商标注册公告（一）|2018-12-15|181FDFC50FF04206A4BA5B26DD0BB204|石家庄常山北明科技股份有限公司|135062|http://sbgg.saic.gov.cn:9080/tmann/annInfoView/homePage.html|中国商标网|翠柳|商标注册|http://sbgg.saic.gov.cn:9080/tmann/annInfoView/annSearch.html?annNum=1|#
1980-01-05|1|商标转让/移转公告|2018-12-15|FF7E706227894C3285FE2BE2F4480531||30751|http://sbgg.saic.gov.cn:9080/tmann/annInfoView/homePage.html|中国商标网||商标注册|http://sbgg.saic.gov.cn:9080/tmann/annInfoView/annSearch.html?annNum=1|#
1980-01-05|1|商标注册公告（一）|2018-12-15|FCF3D329BFEE4451839E9025271DA23C||135184|http://sbgg.saic.gov.cn:9080/tmann/annInfoView/homePage.html|中国商标网||商标注册|http://sbgg.saic.gov.cn:9080/tmann/annInfoView/annSearch.html?annNum=1|#
1980-01-05|1|商标注册公告（一）|2018-12-15|0C2B9CFF840C4148A14800C778E18D0E|丰田汽车公司|135095|http://sbgg.saic.gov.cn:9080/tmann/annInfoView/homePage.html|中国商标网|TOYOTA|商标注册|http://sbgg.saic.gov.cn:9080/tmann/annInfoView/annSearch.html?annNum=1|#
1980-01-05|1|商标注册公告（一）|2018-12-15|7844875DF5CB4879AEDB22346D47D26E||135195|http://sbgg.saic.gov.cn:9080/tmann/annInfoView/homePage.html|中国商标网||商标注册|http://sbgg.saic.gov.cn:9080/tmann/annInfoView/annSearch.html?annNum=1|#
1980-01-05|1|商标注册公告（一）|2018-12-15|EE2DABA953D443C3B462CAD8506D217F||135118|http://sbgg.saic.gov.cn:9080/tmann/annInfoView/homePage.html|中国商标网||商标注册|http://sbgg.saic.gov.cn:9080/tmann/annInfoView/annSearch.html?annNum=1|#
1980-01-05|1|商标注册公告（一）|2018-12-15|6B1497D0D58E4ACE9A6C8795A8FFB426||135208|http://sbgg.saic.gov.cn:9080/tmann/annInfoView/homePage.html|中国商标网||商标注册|http://sbgg.saic.gov.cn:9080/tmann/annInfoView/annSearch.html?annNum=1|#
1980-01-05|1|商标注册公告（一）|2018-12-15|20D0E76FD2DD4B42ACA92655CF8FD12E||135147|http://sbgg.saic.gov.cn:9080/tmann/annInfoView/homePage.html|中国商标网||商标注册|http://sbgg.saic.gov.cn:9080/tmann/annInfoView/annSearch.html?annNum=1|#
1980-01-05|1|商标注册公告（一）|2018-12-15|8ECF26BE88844C9A9927E8750A486B45|石家庄常山北明科技股份有限公司|135061|http://sbgg.saic.gov.cn:9080/tmann/annInfoView/homePage.html|中国商标网|银花|商标注册|http://sbgg.saic.gov.cn:9080/tmann/annInfoView/annSearch.html?annNum=1|#
1980-01-05|1|商标注册公告（一）|2018-12-15|CBF625F6A59A498E8ADE406FEF829A5E||135183|http://sbgg.saic.gov.cn:9080/tmann/annInfoView/homePage.html|中国商标网||商标注册|http://sbgg.saic.gov.cn:9080/tmann/annInfoView/annSearch.html?annNum=1|#
1980-01-05|1|商标注册公告（一）|2018-12-15|29EEA3E7C37A4E44AD67E06BF0858867|天津郁美净集团有限公司|135199|http://sbgg.saic.gov.cn:9080/tmann/annInfoView/homePage.html|中国商标网|花蕾|商标注册|http://sbgg.saic.gov.cn:9080/tmann/annInfoView/annSearch.html?annNum=1|#
1980-01-05|1|商标转让/移转公告|2018-12-15|0E31E9E8F971431FB73C804D47849556|日本烟草产业株式会社|75630|http://sbgg.saic.gov.cn:9080/tmann/annInfoView/homePage.html|中国商标网|DORAL|商标注册|http://sbgg.saic.gov.cn:9080/tmann/annInfoView/annSearch.html?annNum=1|#
1980-01-05|1|商标注册公告（一）|2018-12-15|C8F868CA75C74A4EA7FEB459FF54E427|丰田汽车公司|135137|http://sbgg.saic.gov.cn:9080/tmann/annInfoView/homePage.html|中国商标网|CARINA|商标注册|http://sbgg.saic.gov.cn:9080/tmann/annInfoView/annSearch.html?annNum=1|#
1980-01-05|1|商标注册公告（一）|2018-12-15|BC952ADD166B441C9EF1CC30CAE57040||135112|http://sbgg.saic.gov.cn:9080/tmann/annInfoView/homePage.html|中国商标网||商标注册|http://sbgg.saic.gov.cn:9080/tmann/annInfoView/annSearch.html?annNum=1|#
1980-01-05|1|商标转让/移转公告|2018-12-15|8EAA3A6AA3E0417D995EC09132D3D064|日本烟草产业株式会社|75632|http://sbgg.saic.gov.cn:9080/tmann/annInfoView/homePage.html|中国商标网|WINSTON|商标注册|http://sbgg.saic.gov.cn:9080/tmann/annInfoView/annSearch.html?annNum=1|#
1980-01-05|1|商标转让/移转公告|2018-12-15|7A4D3221A7C14CB8827D0B91DCAF8416||31867|http://sbgg.saic.gov.cn:9080/tmann/annInfoView/homePage.html|中国商标网||商标注册|http://sbgg.saic.gov.cn:9080/tmann/annInfoView/annSearch.html?annNum=1|#
1980-01-05|1|商标转让/移转公告|2018-12-15|4F2EB8CA16154C419552C5D0C49FDD19||31870|http://sbgg.saic.gov.cn:9080/tmann/annInfoView/homePage.html|中国商标网||商标注册|http://sbgg.saic.gov.cn:9080/tmann/annInfoView/annSearch.html?annNum=1|#
1980-01-05|1|商标注册公告（一）|2018-12-15|1E7B7CC3ED254F47B7EF845B172495AA|艾尔派特龙尼克公司|135204|http://sbgg.saic.gov.cn:9080/tmann/annInfoView/homePage.html|中国商标网|SOUDRONIC|商标注册|http://sbgg.saic.gov.cn:9080/tmann/annInfoView/annSearch.html?annNum=1|#
1980-01-05|1|商标注册公告（一）|2018-12-15|07D848D064E54C71A0A8717A83A17DD6||135171|http://sbgg.saic.gov.cn:9080/tmann/annInfoView/homePage.html|中国商标网||商标注册|http://sbgg.saic.gov.cn:9080/tmann/annInfoView/annSearch.html?annNum=1|#
1980-01-05|1|商标注册公告（一）|2018-12-15|5002570579D44272BC3B41FE7898478F|北京雪花电器集团公司|135209|http://sbgg.saic.gov.cn:9080/tmann/annInfoView/homePage.html|中国商标网|青松|商标注册|http://sbgg.saic.gov.cn:9080/tmann/annInfoView/annSearch.html?annNum=1|#
1980-01-05|1|商标注册公告（一）|2018-12-15|692DBB8EE5454350BA06A32BBEA6A195||135060|http://sbgg.saic.gov.cn:9080/tmann/annInfoView/homePage.html|中国商标网||商标注册|http://sbgg.saic.gov.cn:9080/tmann/annInfoView/annSearch.html?annNum=1|#
1980-01-05|1|商标注册公告（一）|2018-12-15|734B448FB223418BABB94734A77B541B|龟甲万株式会社(日本 )|135028|http://sbgg.saic.gov.cn:9080/tmann/annInfoView/homePage.html|中国商标网|图形|商标注册|http://sbgg.saic.gov.cn:9080/tmann/annInfoView/annSearch.html?annNum=1|#
1980-01-05|1|商标注册公告（一）|2018-12-15|180DE7BD798444258D10EBD78691A872||135017|http://sbgg.saic.gov.cn:9080/tmann/annInfoView/homePage.html|中国商标网||商标注册|http://sbgg.saic.gov.cn:9080/tmann/annInfoView/annSearch.html?annNum=1|#
1980-01-05|1|商标注册公告（一）|2018-12-15|9928407257784883BCB8678AD5415953||135003|http://sbgg.saic.gov.cn:9080/tmann/annInfoView/homePage.html|中国商标网||商标注册|http://sbgg.saic.gov.cn:9080/tmann/annInfoView/annSearch.html?annNum=1|#
1980-01-05|1|商标注册公告（一）|2018-12-15|BA2CD68EBE5A4A5D914BE0040022938E||135201|http://sbgg.saic.gov.cn:9080/tmann/annInfoView/homePage.html|中国商标网||商标注册|http://sbgg.saic.gov.cn:9080/tmann/annInfoView/annSearch.html?annNum=1|#
1980-01-05|1|商标注册公告（一）|2018-12-15|7AE2F407A66649E296D0FB7B175DA1D9|龟甲万株式会社(日本)|135024|http://sbgg.saic.gov.cn:9080/tmann/annInfoView/homePage.html|中国商标网|万|商标注册|http://sbgg.saic.gov.cn:9080/tmann/annInfoView/annSearch.html?annNum=1|#
1980-01-05|1|商标注册公告（一）|2018-12-15|A40F7039D10446469D98DF7CD5C3CEFC||135018|http://sbgg.saic.gov.cn:9080/tmann/annInfoView/homePage.html|中国商标网||商标注册|http://sbgg.saic.gov.cn:9080/tmann/annInfoView/annSearch.html?annNum=1|#
1980-01-05|1|商标注册公告（一）|2018-12-15|18F0B193BD7346D7ADA9CF13FB8AD14F|上海华谊集团华原化工有限公司|135074|http://sbgg.saic.gov.cn:9080/tmann/annInfoView/homePage.html|中国商标网|三鹿|商标注册|http://sbgg.saic.gov.cn:9080/tmann/annInfoView/annSearch.html?annNum=1|#
1980-01-05|1|注册商标续展公告|2018-12-15|1CBAE6FE22344F51BAFBEC5F57F5FEAE|日本烟草产业株式会社|75630|http://sbgg.saic.gov.cn:9080/tmann/annInfoView/homePage.html|中国商标网|DORAL|商标注册|http://sbgg.saic.gov.cn:9080/tmann/annInfoView/annSearch.html?annNum=1|#
1980-01-05|1|商标注册公告（一）|2018-12-15|ED36A85B05494383B7B0F846206AE195||135005|http://sbgg.saic.gov.cn:9080/tmann/annInfoView/homePage.html|中国商标网||商标注册|http://sbgg.saic.gov.cn:9080/tmann/annInfoView/annSearch.html?annNum=1|#
1980-01-05|1|商标注册公告（一）|2018-12-15|8D7ECC94A1374EA2A9667B0E2B647488|上海上药信谊药厂有限公司|135107|http://sbgg.saic.gov.cn:9080/tmann/annInfoView/homePage.html|中国商标网|福|商标注册|http://sbgg.saic.gov.cn:9080/tmann/annInfoView/annSearch.html?annNum=1|#
1980-01-05|1|商标注册公告（一）|2018-12-15|35277EFEA64342918775113663F40B76||135037|http://sbgg.saic.gov.cn:9080/tmann/annInfoView/homePage.html|中国商标网||商标注册|http://sbgg.saic.gov.cn:9080/tmann/annInfoView/annSearch.html?annNum=1|#
1980-01-05|1|商标注册公告（一）|2018-12-15|D45A925890714E11A49D435D54EDFE3C||135125|http://sbgg.saic.gov.cn:9080/tmann/annInfoView/homePage.html|中国商标网||商标注册|http://sbgg.saic.gov.cn:9080/tmann/annInfoView/annSearch.html?annNum=1|#
1980-01-05|1|注册商标续展公告|2018-12-15|C3E4164F1DB940DF99C598335AC10108||30752|http://sbgg.saic.gov.cn:9080/tmann/annInfoView/homePage.html|中国商标网||商标注册|http://sbgg.saic.gov.cn:9080/tmann/annInfoView/annSearch.html?annNum=1|#
1980-01-05|1|商标注册公告（一）|2018-12-15|AB170667777447F6A83BD44F9A6832EF|上海儿童食品商店|135225|http://sbgg.saic.gov.cn:9080/tmann/annInfoView/homePage.html|中国商标网|小鸭子|商标注册|http://sbgg.saic.gov.cn:9080/tmann/annInfoView/annSearch.html?annNum=1|#
1980-01-05|1|商标注册公告（一）|2018-12-15|DC90997188EC402F85305C2A0DC01510|浙江华源兰宝有限公司|135083|http://sbgg.saic.gov.cn:9080/tmann/annInfoView/homePage.html|中国商标网|姐妹|商标注册|http://sbgg.saic.gov.cn:9080/tmann/annInfoView/annSearch.html?annNum=1|#
1980-01-05|1|商标注册公告（一）|2018-12-15|A2B2C50311734880BEAF17B3451CA048||135210|http://sbgg.saic.gov.cn:9080/tmann/annInfoView/homePage.html|中国商标网||商标注册|http://sbgg.saic.gov.cn:9080/tmann/annInfoView/annSearch.html?annNum=1|#
1980-01-05|1|商标注册公告（一）|2018-12-15|3F78BD72F0714BEF901EAE488226ED7F||135036|http://sbgg.saic.gov.cn:9080/tmann/annInfoView/homePage.html|中国商标网||商标注册|http://sbgg.saic.gov.cn:9080/tmann/annInfoView/annSearch.html?annNum=1|#
1980-01-05|1|商标注册公告（一）|2018-12-15|E502A470EA6747A5ADBF7340BF804598|黄石市乳胶制品厂|135144|http://sbgg.saic.gov.cn:9080/tmann/annInfoView/homePage.html|中国商标网|永生|商标注册|http://sbgg.saic.gov.cn:9080/tmann/annInfoView/annSearch.html?annNum=1|#
1980-01-05|1|商标注册公告（一）|2018-12-15|9DBB6C225B994D35AE2B811BD254273F||135143|http://sbgg.saic.gov.cn:9080/tmann/annInfoView/homePage.html|中国商标网||商标注册|http://sbgg.saic.gov.cn:9080/tmann/annInfoView/annSearch.html?annNum=1|#
1980-01-05|1|商标注册公告（一）|2018-12-15|B7F6F6E91D07489AB94B2BCC4CE88FB5|泰德拉皮迪斯(法国)|135135|http://sbgg.saic.gov.cn:9080/tmann/annInfoView/homePage.html|中国商标网|TED LAPIDUS|商标注册|http://sbgg.saic.gov.cn:9080/tmann/annInfoView/annSearch.html?annNum=1|#
1980-01-05|1|商标注册公告（一）|2018-12-15|1C46ED0C3FDE45C4B916E3F6C170DCBE||135115|http://sbgg.saic.gov.cn:9080/tmann/annInfoView/homePage.html|中国商标网||商标注册|http://sbgg.saic.gov.cn:9080/tmann/annInfoView/annSearch.html?annNum=1|#
1980-01-05|1|商标注册公告（一）|2018-12-15|DACBB7F4FC4B4B339427DB70AC3722A1||135163|http://sbgg.saic.gov.cn:9080/tmann/annInfoView/homePage.html|中国商标网||商标注册|http://sbgg.saic.gov.cn:9080/tmann/annInfoView/annSearch.html?annNum=1|#
1980-01-05|1|商标转让/移转公告|2018-12-15|7FF929F7C36F4F35B17DC3DC9C798062||30748|http://sbgg.saic.gov.cn:9080/tmann/annInfoView/homePage.html|中国商标网||商标注册|http://sbgg.saic.gov.cn:9080/tmann/annInfoView/annSearch.html?annNum=1|#
1980-01-05|1|商标注册公告（一）|2018-12-15|2A35668645E94587B15AF63BAEB7E142|爱而慕株式会社(无卷)|135050|http://sbgg.saic.gov.cn:9080/tmann/annInfoView/homePage.html|中国商标网|ELMO|商标注册|http://sbgg.saic.gov.cn:9080/tmann/annInfoView/annSearch.html?annNum=1|#
1980-01-05|1|商标注册公告（一）|2018-12-15|2F6808E72A724C61B3C733FC768A50B7|广州市浪奇实业股份有限公司|135194|http://sbgg.saic.gov.cn:9080/tmann/annInfoView/homePage.html|中国商标网|珠江|商标注册|http://sbgg.saic.gov.cn:9080/tmann/annInfoView/annSearch.html?annNum=1|#
1980-01-05|1|商标注册公告（一）|2018-12-15|04C3B2394FC34745834FE5C0594F57B3|利士文时计工业株式会社|135023|http://sbgg.saic.gov.cn:9080/tmann/annInfoView/homePage.html|中国商标网|RHYTHM|商标注册|http://sbgg.saic.gov.cn:9080/tmann/annInfoView/annSearch.html?annNum=1|#
1980-01-05|1|商标注册公告（一）|2018-12-15|CBA7232E3A6143639343B08723EE8C72||135099|http://sbgg.saic.gov.cn:9080/tmann/annInfoView/homePage.html|中国商标网||商标注册|http://sbgg.saic.gov.cn:9080/tmann/annInfoView/annSearch.html?annNum=1|#
1980-01-05|1|商标注册公告（一）|2018-12-15|54F5E335D1A24D9E8DA3DB923ADBEA4E||135133|http://sbgg.saic.gov.cn:9080/tmann/annInfoView/homePage.html|中国商标网||商标注册|http://sbgg.saic.gov.cn:9080/tmann/annInfoView/annSearch.html?annNum=1|#
1980-01-05|1|商标注册公告（一）|2018-12-15|2F472BCCC493490488419EB2E6395965||135015|http://sbgg.saic.gov.cn:9080/tmann/annInfoView/homePage.html|中国商标网||商标注册|http://sbgg.saic.gov.cn:9080/tmann/annInfoView/annSearch.html?annNum=1|#
1980-01-05|1|商标注册公告（一）|2018-12-15|C78A3D68DBB64A51B9750D853EE78DE5||135167|http://sbgg.saic.gov.cn:9080/tmann/annInfoView/homePage.html|中国商标网||商标注册|http://sbgg.saic.gov.cn:9080/tmann/annInfoView/annSearch.html?annNum=1|#
1980-01-05|1|商标转让/移转公告|2018-12-15|B182EB81DE6C419A9B1B41A769528881||31929|http://sbgg.saic.gov.cn:9080/tmann/annInfoView/homePage.html|中国商标网||商标注册|http://sbgg.saic.gov.cn:9080/tmann/annInfoView/annSearch.html?annNum=1|#
1980-01-05|1|商标注册公告（一）|2018-12-15|B6F761BE8E824A13AB0DEC56C84BC8E7||135009|http://sbgg.saic.gov.cn:9080/tmann/annInfoView/homePage.html|中国商标网||商标注册|http://sbgg.saic.gov.cn:9080/tmann/annInfoView/annSearch.html?annNum=1|#
1980-01-05|1|商标转让/移转公告|2018-12-15|91B6F0D2B7B54CFF9C86CD08A561973B||31928|http://sbgg.saic.gov.cn:9080/tmann/annInfoView/homePage.html|中国商标网||商标注册|http://sbgg.saic.gov.cn:9080/tmann/annInfoView/annSearch.html?annNum=1|#
1980-01-05|1|商标注册公告（一）|2018-12-15|A5E9D2D59AC5476B8D5D06A804678EA2|丰田汽车公司|135136|http://sbgg.saic.gov.cn:9080/tmann/annInfoView/homePage.html|中国商标网|TOYOTA LAND CRUISER|商标注册|http://sbgg.saic.gov.cn:9080/tmann/annInfoView/annSearch.html?annNum=1|#
1980-01-05|1|商标注册公告（一）|2018-12-15|4956AE65B04E4678862491A690ECFDEC||135080|http://sbgg.saic.gov.cn:9080/tmann/annInfoView/homePage.html|中国商标网||商标注册|http://sbgg.saic.gov.cn:9080/tmann/annInfoView/annSearch.html?annNum=1|#
1980-01-05|1|商标注册公告（一）|2018-12-15|0E824B9538A94DC3820008A1D784F905||135032|http://sbgg.saic.gov.cn:9080/tmann/annInfoView/homePage.html|中国商标网||商标注册|http://sbgg.saic.gov.cn:9080/tmann/annInfoView/annSearch.html?annNum=1|#
1980-01-05|1|商标注册公告（一）|2018-12-15|B5FE48327682417A86CF61198A2F46C5||135187|http://sbgg.saic.gov.cn:9080/tmann/annInfoView/homePage.html|中国商标网||商标注册|http://sbgg.saic.gov.cn:9080/tmann/annInfoView/annSearch.html?annNum=1|#
1980-01-05|1|商标注册公告（一）|2018-12-15|FCB62383B18F4A48A091985A08955484||135211|http://sbgg.saic.gov.cn:9080/tmann/annInfoView/homePage.html|中国商标网||商标注册|http://sbgg.saic.gov.cn:9080/tmann/annInfoView/annSearch.html?annNum=1|#
1980-01-05|1|商标注册公告（一）|2018-12-15|5D11DFF6F88B46629897CBD8EF673EF2|上海上药新亚药业有限公司|135077|http://sbgg.saic.gov.cn:9080/tmann/annInfoView/homePage.html|中国商标网|亚|商标注册|http://sbgg.saic.gov.cn:9080/tmann/annInfoView/annSearch.html?annNum=1|#
1980-01-05|1|商标注册公告（一）|2018-12-15|AFF32756406A4836B0D032F9C679EEB6||135072|http://sbgg.saic.gov.cn:9080/tmann/annInfoView/homePage.html|中国商标网||商标注册|http://sbgg.saic.gov.cn:9080/tmann/annInfoView/annSearch.html?annNum=1|#
1980-01-05|1|商标注册公告（一）|2018-12-15|58ECAA3D3FB54DDA88871D24E68F21D6||135222|http://sbgg.saic.gov.cn:9080/tmann/annInfoView/homePage.html|中国商标网||商标注册|http://sbgg.saic.gov.cn:9080/tmann/annInfoView/annSearch.html?annNum=1|#
1980-01-05|1|商标注册公告（一）|2018-12-15|F8DDC59C8E824750893A7F25E8064640||135178|http://sbgg.saic.gov.cn:9080/tmann/annInfoView/homePage.html|中国商标网||商标注册|http://sbgg.saic.gov.cn:9080/tmann/annInfoView/annSearch.html?annNum=1|#
1980-01-05|1|商标注册公告（一）|2018-12-15|8984AF8555CB46ADBAE3DD4AB4FDE0FF||135012|http://sbgg.saic.gov.cn:9080/tmann/annInfoView/homePage.html|中国商标网||商标注册|http://sbgg.saic.gov.cn:9080/tmann/annInfoView/annSearch.html?annNum=1|#
1980-01-05|1|商标注册公告（一）|2018-12-15|CBDE3BC4187D4B909E325929AD28694D||135056|http://sbgg.saic.gov.cn:9080/tmann/annInfoView/homePage.html|中国商标网||商标注册|http://sbgg.saic.gov.cn:9080/tmann/annInfoView/annSearch.html?annNum=1|#
1980-01-05|1|商标注册公告（一）|2018-12-15|FF58FE5927954C5E8BAFC15A0CC3B578||135166|http://sbgg.saic.gov.cn:9080/tmann/annInfoView/homePage.html|中国商标网||商标注册|http://sbgg.saic.gov.cn:9080/tmann/annInfoView/annSearch.html?annNum=1|#
1980-01-05|1|商标注册公告（一）|2018-12-15|9CD7478C6CA842E2BF75525CBE986313|丰田汽车公司|135139|http://sbgg.saic.gov.cn:9080/tmann/annInfoView/homePage.html|中国商标网|TERCEL|商标注册|http://sbgg.saic.gov.cn:9080/tmann/annInfoView/annSearch.html?annNum=1|#
1980-01-05|1|商标注册公告（一）|2018-12-15|AAAC23C12801473097B428FDA4DA0FB5||135146|http://sbgg.saic.gov.cn:9080/tmann/annInfoView/homePage.html|中国商标网||商标注册|http://sbgg.saic.gov.cn:9080/tmann/annInfoView/annSearch.html?annNum=1|#
1980-01-05|1|商标注册公告（一）|2018-12-15|DA0DA3351CB54E42857CE1D0CA4EC5B9||135078|http://sbgg.saic.gov.cn:9080/tmann/annInfoView/homePage.html|中国商标网||商标注册|http://sbgg.saic.gov.cn:9080/tmann/annInfoView/annSearch.html?annNum=1|#
1980-01-05|1|注册商标续展公告|2018-12-15|034258044E594DA8A61A2BDD380C06D2||30750|http://sbgg.saic.gov.cn:9080/tmann/annInfoView/homePage.html|中国商标网||商标注册|http://sbgg.saic.gov.cn:9080/tmann/annInfoView/annSearch.html?annNum=1|#
1980-01-05|1|商标注册公告（一）|2018-12-15|D72A4EE155134653BC536BA804583FAC||135217|http://sbgg.saic.gov.cn:9080/tmann/annInfoView/homePage.html|中国商标网||商标注册|http://sbgg.saic.gov.cn:9080/tmann/annInfoView/annSearch.html?annNum=1|#
1980-01-05|1|商标注册公告（一）|2018-12-15|2B4EE50DC9234680A85C27873A6556B5|洲际伟大品牌有限公司|135098|http://sbgg.saic.gov.cn:9080/tmann/annInfoView/homePage.html|中国商标网|NABISCO|商标注册|http://sbgg.saic.gov.cn:9080/tmann/annInfoView/annSearch.html?annNum=1|#
1980-01-05|1|商标注册公告（一）|2018-12-15|FDF6787A3A01423D8E6A5DCED6AEEC94|龟甲万株式会社(日本)|135031|http://sbgg.saic.gov.cn:9080/tmann/annInfoView/homePage.html|中国商标网|图形|商标注册|http://sbgg.saic.gov.cn:9080/tmann/annInfoView/annSearch.html?annNum=1|#
1980-01-05|1|商标注册公告（一）|2018-12-15|2596B5152C5A435E997BFC461ED313F0||135108|http://sbgg.saic.gov.cn:9080/tmann/annInfoView/homePage.html|中国商标网||商标注册|http://sbgg.saic.gov.cn:9080/tmann/annInfoView/annSearch.html?annNum=1|#
1980-01-05|1|商标注册公告（一）|2018-12-15|B9EA17DC45A44D83BBBDB6985D0199ED||135045|http://sbgg.saic.gov.cn:9080/tmann/annInfoView/homePage.html|中国商标网||商标注册|http://sbgg.saic.gov.cn:9080/tmann/annInfoView/annSearch.html?annNum=1|#
1980-01-05|1|商标注册公告（一）|2018-12-15|4A6BA19F4EC944AC99D941D0B66BA1B4|泰格霍耶尔公司|135055|http://sbgg.saic.gov.cn:9080/tmann/annInfoView/homePage.html|中国商标网|HEUER|商标注册|http://sbgg.saic.gov.cn:9080/tmann/annInfoView/annSearch.html?annNum=1|#
1980-01-05|1|商标注册公告（一）|2018-12-15|5160A429CC264B24A1620F70E4B4B377||135219|http://sbgg.saic.gov.cn:9080/tmann/annInfoView/homePage.html|中国商标网||商标注册|http://sbgg.saic.gov.cn:9080/tmann/annInfoView/annSearch.html?annNum=1|#
1980-01-05|1|商标注册公告（一）|2018-12-15|6F42F34FEFCD46E3A3D4725969168DD9||135071|http://sbgg.saic.gov.cn:9080/tmann/annInfoView/homePage.html|中国商标网||商标注册|http://sbgg.saic.gov.cn:9080/tmann/annInfoView/annSearch.html?annNum=1|#
1980-01-05|1|商标注册公告（一）|2018-12-15|D637D837821B4222AA0EF417169AEF09|丰田汽车公司|135141|http://sbgg.saic.gov.cn:9080/tmann/annInfoView/homePage.html|中国商标网|TOYOTA|商标注册|http://sbgg.saic.gov.cn:9080/tmann/annInfoView/annSearch.html?annNum=1|#
1980-01-05|1|商标注册公告（一）|2018-12-15|70781659DBEA4D9185EE4882C0BB9181||135197|http://sbgg.saic.gov.cn:9080/tmann/annInfoView/homePage.html|中国商标网||商标注册|http://sbgg.saic.gov.cn:9080/tmann/annInfoView/annSearch.html?annNum=1|#
1980-01-05|1|商标注册公告（一）|2018-12-15|DB3D62346DEE48E0838E879BFF6C5AEC||135008|http://sbgg.saic.gov.cn:9080/tmann/annInfoView/homePage.html|中国商标网||商标注册|http://sbgg.saic.gov.cn:9080/tmann/annInfoView/annSearch.html?annNum=1|#
1980-01-05|1|商标注册公告（一）|2018-12-15|DCAD07F20C9744E1832F08A95D7DC743||135131|http://sbgg.saic.gov.cn:9080/tmann/annInfoView/homePage.html|中国商标网||商标注册|http://sbgg.saic.gov.cn:9080/tmann/annInfoView/annSearch.html?annNum=1|#
1980-01-05|1|商标注册公告（一）|2018-12-15|BBA2EDF1E63F4FCCB841826E26019D49|湖北省沙市砂布厂|135170|http://sbgg.saic.gov.cn:9080/tmann/annInfoView/homePage.html|中国商标网|飞艇|商标注册|http://sbgg.saic.gov.cn:9080/tmann/annInfoView/annSearch.html?annNum=1|#
1980-01-05|1|商标注册公告（一）|2018-12-15|01E28537F585464CB6B993D8A2BEAB8F|龟甲万株式会社|135027|http://sbgg.saic.gov.cn:9080/tmann/annInfoView/homePage.html|中国商标网|万上|商标注册|http://sbgg.saic.gov.cn:9080/tmann/annInfoView/annSearch.html?annNum=1|#
1980-01-05|1|商标注册公告（一）|2018-12-15|88A6053B93F84237AB6BF3C6CECAFEA1|上海青浦消防器材股份有限公司|135127|http://sbgg.saic.gov.cn:9080/tmann/annInfoView/homePage.html|中国商标网|浦江|商标注册|http://sbgg.saic.gov.cn:9080/tmann/annInfoView/annSearch.html?annNum=1|#
1980-01-05|1|商标注册公告（一）|2018-12-15|7E3A7DD65046445E953280B1139723C8|龟甲万株式会社(日本)|135030|http://sbgg.saic.gov.cn:9080/tmann/annInfoView/homePage.html|中国商标网|KIKKOMAN|商标注册|http://sbgg.saic.gov.cn:9080/tmann/annInfoView/annSearch.html?annNum=1|#
1980-01-05|1|商标注册公告（一）|2018-12-15|4FAF74DD9AA5404496C5C92E000A1100|龟甲万株式会社(日本)|135029|http://sbgg.saic.gov.cn:9080/tmann/annInfoView/homePage.html|中国商标网|KIKKOMAN|商标注册|http://sbgg.saic.gov.cn:9080/tmann/annInfoView/annSearch.html?annNum=1|#
1980-01-05|1|商标注册公告（一）|2018-12-15|40E186339AAE4721BF06B1581316A73D||135200|http://sbgg.saic.gov.cn:9080/tmann/annInfoView/homePage.html|中国商标网||商标注册|http://sbgg.saic.gov.cn:9080/tmann/annInfoView/annSearch.html?annNum=1|#
1980-01-05|1|注册商标续展公告|2018-12-15|9D458EA76712476494D8950E1DA59E0E|日本烟草产业株式会社|75632|http://sbgg.saic.gov.cn:9080/tmann/annInfoView/homePage.html|中国商标网|WINSTON|商标注册|http://sbgg.saic.gov.cn:9080/tmann/annInfoView/annSearch.html?annNum=1|#
1980-01-05|1|商标注册公告（一）|2018-12-15|3E2BD7E0774E40919CCCB72A6C4DCBFE||135151|http://sbgg.saic.gov.cn:9080/tmann/annInfoView/homePage.html|中国商标网||商标注册|http://sbgg.saic.gov.cn:9080/tmann/annInfoView/annSearch.html?annNum=1|#
1980-01-05|1|商标注册公告（一）|2018-12-15|84FB9535973044B58DBB88611A3D4D94|丰田汽车公司|135142|http://sbgg.saic.gov.cn:9080/tmann/annInfoView/homePage.html|中国商标网|CELICA|商标注册|http://sbgg.saic.gov.cn:9080/tmann/annInfoView/annSearch.html?annNum=1|#
1980-01-05|1|商标注册公告（一）|2018-12-15|0A1AA3D85F2C44A1B1B2C3E0F498FFA7|艾路摩株式会社|135049|http://sbgg.saic.gov.cn:9080/tmann/annInfoView/homePage.html|中国商标网|爱尔慕|商标注册|http://sbgg.saic.gov.cn:9080/tmann/annInfoView/annSearch.html?annNum=1|#
1980-01-05|1|商标转让/移转公告|2018-12-15|7157C8BFDAB04095A783AECE0A46C31C||30749|http://sbgg.saic.gov.cn:9080/tmann/annInfoView/homePage.html|中国商标网||商标注册|http://sbgg.saic.gov.cn:9080/tmann/annInfoView/annSearch.html?annNum=1|#
1980-01-05|1|商标注册公告（一）|2018-12-15|F75FE80F089A4D34AE6F866D3A2D9D49|北京化二股份有限公司|135205|http://sbgg.saic.gov.cn:9080/tmann/annInfoView/homePage.html|中国商标网|长城|商标注册|http://sbgg.saic.gov.cn:9080/tmann/annInfoView/annSearch.html?annNum=1|#
1980-01-05|1|商标注册公告（一）|2018-12-15|7CF64F0F231B476496C597DD35D6F5B7||135079|http://sbgg.saic.gov.cn:9080/tmann/annInfoView/homePage.html|中国商标网||商标注册|http://sbgg.saic.gov.cn:9080/tmann/annInfoView/annSearch.html?annNum=1|#
1980-01-05|1|商标注册公告（一）|2018-12-15|C89E8771C3104D3F9B81FDE8E4D4C416||135177|http://sbgg.saic.gov.cn:9080/tmann/annInfoView/homePage.html|中国商标网||商标注册|http://sbgg.saic.gov.cn:9080/tmann/annInfoView/annSearch.html?annNum=1|#
1980-01-05|1|商标注册公告（一）|2018-12-15|B3BEA996C8134A249E634FCC26EF0EE9||135096|http://sbgg.saic.gov.cn:9080/tmann/annInfoView/homePage.html|中国商标网||商标注册|http://sbgg.saic.gov.cn:9080/tmann/annInfoView/annSearch.html?annNum=1|#
1980-01-05|1|商标注册公告（一）|2018-12-15|99D56D763B6443DBB3CE3718EAC58DED|皇家飞利浦有限公司|135051|http://sbgg.saic.gov.cn:9080/tmann/annInfoView/homePage.html|中国商标网|PHILIPS|商标注册|http://sbgg.saic.gov.cn:9080/tmann/annInfoView/annSearch.html?annNum=1|#
1980-01-05|1|注册商标续展公告|2018-12-15|2C78256144DB4F90833CE6C9E991113E||30748|http://sbgg.saic.gov.cn:9080/tmann/annInfoView/homePage.html|中国商标网||商标注册|http://sbgg.saic.gov.cn:9080/tmann/annInfoView/annSearch.html?annNum=1|#
1980-01-05|1|商标注册公告（一）|2018-12-15|EC9FD2E6ADA74A11AA94EC222CAEA5EB||135100|http://sbgg.saic.gov.cn:9080/tmann/annInfoView/homePage.html|中国商标网||商标注册|http://sbgg.saic.gov.cn:9080/tmann/annInfoView/annSearch.html?annNum=1|#
1980-01-05|1|商标注册公告（一）|2018-12-15|5A10B09501234CC6A8E78C70134E07E6|浏阳市金猴鞭炮烟花贸易有限公司|135190|http://sbgg.saic.gov.cn:9080/tmann/annInfoView/homePage.html|中国商标网|金猴|商标注册|http://sbgg.saic.gov.cn:9080/tmann/annInfoView/annSearch.html?annNum=1|#
1980-01-05|1|商标转让/移转公告|2018-12-15|3924E577BB7148099B53B4278C0B9924||30753|http://sbgg.saic.gov.cn:9080/tmann/annInfoView/homePage.html|中国商标网||商标注册|http://sbgg.saic.gov.cn:9080/tmann/annInfoView/annSearch.html?annNum=1|#
1980-01-05|1|商标注册公告（一）|2018-12-15|81612E295E3149AD98D23F51E9E3C86B|国药集团汕头金石制药有限公司|135075|http://sbgg.saic.gov.cn:9080/tmann/annInfoView/homePage.html|中国商标网|友谊|商标注册|http://sbgg.saic.gov.cn:9080/tmann/annInfoView/annSearch.html?annNum=1|#
1980-01-05|1|商标注册公告（一）|2018-12-15|B5D0E45B20A347E0A533D8EAEEF02F4C||135011|http://sbgg.saic.gov.cn:9080/tmann/annInfoView/homePage.html|中国商标网||商标注册|http://sbgg.saic.gov.cn:9080/tmann/annInfoView/annSearch.html?annNum=1|#
1980-01-05|1|商标注册公告（一）|2018-12-15|AFDE37AD18CA475FB88011EA85B229A1|萝北县纸箱板厂|135156|http://sbgg.saic.gov.cn:9080/tmann/annInfoView/homePage.html|中国商标网|龙江|商标注册|http://sbgg.saic.gov.cn:9080/tmann/annInfoView/annSearch.html?annNum=1|#
1980-01-05|1|商标注册公告（一）|2018-12-15|F3F2FF3C5F9C491982AF7BA934029978||135162|http://sbgg.saic.gov.cn:9080/tmann/annInfoView/homePage.html|中国商标网||商标注册|http://sbgg.saic.gov.cn:9080/tmann/annInfoView/annSearch.html?annNum=1|#
1980-01-05|1|商标注册公告（一）|2018-12-15|DF22682BCF2945419D0FA80FB16F2818||135016|http://sbgg.saic.gov.cn:9080/tmann/annInfoView/homePage.html|中国商标网||商标注册|http://sbgg.saic.gov.cn:9080/tmann/annInfoView/annSearch.html?annNum=1|#
1980-01-05|1|商标注册公告（一）|2018-12-15|CDDA10B8B6B24FA3B5D4B8BA6E2ECA37||135110|http://sbgg.saic.gov.cn:9080/tmann/annInfoView/homePage.html|中国商标网||商标注册|http://sbgg.saic.gov.cn:9080/tmann/annInfoView/annSearch.html?annNum=1|#
1980-01-05|1|商标注册公告（一）|2018-12-15|7D9A9D8FD76F40F39954C4FF77A7547D||135168|http://sbgg.saic.gov.cn:9080/tmann/annInfoView/homePage.html|中国商标网||商标注册|http://sbgg.saic.gov.cn:9080/tmann/annInfoView/annSearch.html?annNum=1|#
1980-01-05|1|商标转让/移转公告|2018-12-15|EB00FDB2DDCD460A880F83EB1AA12343|日本烟草产业株式会社|75629|http://sbgg.saic.gov.cn:9080/tmann/annInfoView/homePage.html|中国商标网|CAMEL|商标注册|http://sbgg.saic.gov.cn:9080/tmann/annInfoView/annSearch.html?annNum=1|#
1980-01-05|1|商标注册公告（一）|2018-12-15|8CDE23F9ED074CA6BBF98A9A26F54452|上海第九丝织厂|135035|http://sbgg.saic.gov.cn:9080/tmann/annInfoView/homePage.html|中国商标网|九星|商标注册|http://sbgg.saic.gov.cn:9080/tmann/annInfoView/annSearch.html?annNum=1|#
1980-01-05|1|注册商标续展公告|2018-12-15|A6D71C918E094B2989965BD60B849B64|壳牌国际股份公司|31927|http://sbgg.saic.gov.cn:9080/tmann/annInfoView/homePage.html|中国商标网|SHELL|商标注册|http://sbgg.saic.gov.cn:9080/tmann/annInfoView/annSearch.html?annNum=1|#
1980-01-05|1|商标注册公告（一）|2018-12-15|BB9CEB496A114C3EBD617F908B1161CC||135067|http://sbgg.saic.gov.cn:9080/tmann/annInfoView/homePage.html|中国商标网||商标注册|http://sbgg.saic.gov.cn:9080/tmann/annInfoView/annSearch.html?annNum=1|#
1980-01-05|1|商标注册公告（一）|2018-12-15|98D437C1A44146EA8FD72A9936E2BAE3||135176|http://sbgg.saic.gov.cn:9080/tmann/annInfoView/homePage.html|中国商标网||商标注册|http://sbgg.saic.gov.cn:9080/tmann/annInfoView/annSearch.html?annNum=1|#
1980-01-05|1|商标注册公告（一）|2018-12-15|866F96253D8541DCACC07099BF01ACDB||135126|http://sbgg.saic.gov.cn:9080/tmann/annInfoView/homePage.html|中国商标网||商标注册|http://sbgg.saic.gov.cn:9080/tmann/annInfoView/annSearch.html?annNum=1|#
1980-01-05|1|商标注册公告（一）|2018-12-15|81EFC330BE674BB4AF6762F0E57E2403||135188|http://sbgg.saic.gov.cn:9080/tmann/annInfoView/homePage.html|中国商标网||商标注册|http://sbgg.saic.gov.cn:9080/tmann/annInfoView/annSearch.html?annNum=1|#
1980-01-05|1|商标注册公告（一）|2018-12-15|4F89FE91A3C14FB4BA063D90ED7EDB95||135213|http://sbgg.saic.gov.cn:9080/tmann/annInfoView/homePage.html|中国商标网||商标注册|http://sbgg.saic.gov.cn:9080/tmann/annInfoView/annSearch.html?annNum=1|#
1980-01-05|1|商标注册公告（一）|2018-12-15|6BFCAD5416F3413D80CA42C4326430B2||135189|http://sbgg.saic.gov.cn:9080/tmann/annInfoView/homePage.html|中国商标网||商标注册|http://sbgg.saic.gov.cn:9080/tmann/annInfoView/annSearch.html?annNum=1|#
1980-01-05|1|商标转让/移转公告|2018-12-15|F86FA178D6DF42C8BFDAEE109B982DC7||76171|http://sbgg.saic.gov.cn:9080/tmann/annInfoView/homePage.html|中国商标网||商标注册|http://sbgg.saic.gov.cn:9080/tmann/annInfoView/annSearch.html?annNum=1|#
1980-01-05|1|商标注册公告（一）|2018-12-15|BA84A5297BA1481F88444F33FD5213C5|中国石油化工股份有限公司润滑油分公司|135044|http://sbgg.saic.gov.cn:9080/tmann/annInfoView/homePage.html|中国商标网|津脂|商标注册|http://sbgg.saic.gov.cn:9080/tmann/annInfoView/annSearch.html?annNum=1|#
1980-01-05|1|商标注册公告（一）|2018-12-15|3A098D721E9B4AFB81624AE84531E8E3||135175|http://sbgg.saic.gov.cn:9080/tmann/annInfoView/homePage.html|中国商标网||商标注册|http://sbgg.saic.gov.cn:9080/tmann/annInfoView/annSearch.html?annNum=1|#
1980-01-05|1|商标注册公告（一）|2018-12-15|EA4538C784654B4D8762406C1A5F74FB|LVMH瑞士制造有限公司|135054|http://sbgg.saic.gov.cn:9080/tmann/annInfoView/homePage.html|中国商标网|HEER|商标注册|http://sbgg.saic.gov.cn:9080/tmann/annInfoView/annSearch.html?annNum=1|#
1980-01-05|1|商标注册公告（一）|2018-12-15|0ED8AF2719FC4FFB9D005572B3D11C62|扬州谢馥春日用化工厂|135198|http://sbgg.saic.gov.cn:9080/tmann/annInfoView/homePage.html|中国商标网|玉妹|商标注册|http://sbgg.saic.gov.cn:9080/tmann/annInfoView/annSearch.html?annNum=1|#
1980-01-05|1|商标注册公告（一）|2018-12-15|82D78F8127BB499C8AE4C7B698790DFF||135224|http://sbgg.saic.gov.cn:9080/tmann/annInfoView/homePage.html|中国商标网||商标注册|http://sbgg.saic.gov.cn:9080/tmann/annInfoView/annSearch.html?annNum=1|#
1980-01-05|1|商标注册公告（一）|2018-12-15|A70202960A6444A1A65B442BFDACF548|龟甲万株式会社(日本)|135026|http://sbgg.saic.gov.cn:9080/tmann/annInfoView/homePage.html|中国商标网|龟甲万|商标注册|http://sbgg.saic.gov.cn:9080/tmann/annInfoView/annSearch.html?annNum=1|#
1980-01-05|1|商标注册公告（一）|2018-12-15|3CD5F911CC574A9F866B4A0DAF787E53||135040|http://sbgg.saic.gov.cn:9080/tmann/annInfoView/homePage.html|中国商标网||商标注册|http://sbgg.saic.gov.cn:9080/tmann/annInfoView/annSearch.html?annNum=1|#
1980-01-05|1|商标注册公告（一）|2018-12-15|B81C8316930C4F4A8F0430FC3A8A5D6F||135203|http://sbgg.saic.gov.cn:9080/tmann/annInfoView/homePage.html|中国商标网||商标注册|http://sbgg.saic.gov.cn:9080/tmann/annInfoView/annSearch.html?annNum=1|#
1980-01-05|1|商标注册公告（一）|2018-12-15|854C4ABCB71E48A88F3D4F0ADD4C8332|石家庄常山北明科技股份有限公司|135063|http://sbgg.saic.gov.cn:9080/tmann/annInfoView/homePage.html|中国商标网|翠竹|商标注册|http://sbgg.saic.gov.cn:9080/tmann/annInfoView/annSearch.html?annNum=1|#
1980-01-05|1|商标注册公告（一）|2018-12-15|597B9664E7BE477CAC95214CD92A695C|丰田汽车公司|135140|http://sbgg.saic.gov.cn:9080/tmann/annInfoView/homePage.html|中国商标网|TOYOTA|商标注册|http://sbgg.saic.gov.cn:9080/tmann/annInfoView/annSearch.html?annNum=1|#
1980-01-05|1|商标注册公告（一）|2018-12-15|0E9137DB3BF94DD784EAA6F77FD85E92||135007|http://sbgg.saic.gov.cn:9080/tmann/annInfoView/homePage.html|中国商标网||商标注册|http://sbgg.saic.gov.cn:9080/tmann/annInfoView/annSearch.html?annNum=1|#
1980-01-05|1|商标注册公告（一）|2018-12-15|E06FD8E09D8D4512835D848C722F7675||135191|http://sbgg.saic.gov.cn:9080/tmann/annInfoView/homePage.html|中国商标网||商标注册|http://sbgg.saic.gov.cn:9080/tmann/annInfoView/annSearch.html?annNum=1|#
1980-01-05|1|商标注册公告（一）|2018-12-15|93A4A9815C8F4D75854EAF6ABB517AB6||135104|http://sbgg.saic.gov.cn:9080/tmann/annInfoView/homePage.html|中国商标网||商标注册|http://sbgg.saic.gov.cn:9080/tmann/annInfoView/annSearch.html?annNum=1|#
1980-01-05|1|商标注册公告（一）|2018-12-15|56C9BF31A7274CFCAABD31EAB9441453|青岛前哨精密机械有限责任公司|135148|http://sbgg.saic.gov.cn:9080/tmann/annInfoView/homePage.html|中国商标网|宇航|商标注册|http://sbgg.saic.gov.cn:9080/tmann/annInfoView/annSearch.html?annNum=1|#
1980-01-05|1|商标注册公告（一）|2018-12-15|E2A20AAACD9D4992B7E9BBEB977BFABA|天津市天塑科技集团有限公司第二塑料制品厂|135161|http://sbgg.saic.gov.cn:9080/tmann/annInfoView/homePage.html|中国商标网|兰花|商标注册|http://sbgg.saic.gov.cn:9080/tmann/annInfoView/annSearch.html?annNum=1|#
1980-01-05|1|商标注册公告（一）|2018-12-15|092372AC6F254E2F8B418DAA1B5B3711||135069|http://sbgg.saic.gov.cn:9080/tmann/annInfoView/homePage.html|中国商标网||商标注册|http://sbgg.saic.gov.cn:9080/tmann/annInfoView/annSearch.html?annNum=1|#
1980-01-05|1|商标转让/移转公告|2018-12-15|78128FA8F64D4B5FA297AB9CA31857BC|壳牌品牌国际股份公司|31869|http://sbgg.saic.gov.cn:9080/tmann/annInfoView/homePage.html|中国商标网|SHELL|商标注册|http://sbgg.saic.gov.cn:9080/tmann/annInfoView/annSearch.html?annNum=1|#
1980-01-05|1|商标注册公告（一）|2018-12-15|FCC38937A0094B6A80FD7EE6D04D5202||135159|http://sbgg.saic.gov.cn:9080/tmann/annInfoView/homePage.html|中国商标网||商标注册|http://sbgg.saic.gov.cn:9080/tmann/annInfoView/annSearch.html?annNum=1|#
1980-01-05|1|商标注册公告（一）|2018-12-15|C8B94FD129DF49908ABBD0B203969B2C||135158|http://sbgg.saic.gov.cn:9080/tmann/annInfoView/homePage.html|中国商标网||商标注册|http://sbgg.saic.gov.cn:9080/tmann/annInfoView/annSearch.html?annNum=1|#
1980-01-05|1|商标注册公告（一）|2018-12-15|5A7357D9D8B0458DAAD071DB23A50D8D||135223|http://sbgg.saic.gov.cn:9080/tmann/annInfoView/homePage.html|中国商标网||商标注册|http://sbgg.saic.gov.cn:9080/tmann/annInfoView/annSearch.html?annNum=1|#
1980-01-05|1|商标注册公告（一）|2018-12-15|286ABCC6D695492EA82D0E91DC48DF98|大来信用证国际有限公司|135097|http://sbgg.saic.gov.cn:9080/tmann/annInfoView/homePage.html|中国商标网|DINERS CLUB INTERNATIONAL|商标注册|http://sbgg.saic.gov.cn:9080/tmann/annInfoView/annSearch.html?annNum=1|#
1980-01-05|1|商标注册公告（一）|2018-12-15|7494445C0B354E58AEFBE7C5BDCA8A3C|青岛建新盐化厂|135014|http://sbgg.saic.gov.cn:9080/tmann/annInfoView/homePage.html|中国商标网|雪花|商标注册|http://sbgg.saic.gov.cn:9080/tmann/annInfoView/annSearch.html?annNum=1|#
1980-01-05|1|商标注册公告（一）|2018-12-15|DE85AB4094D24CEAA784BF88C42EAC03||135202|http://sbgg.saic.gov.cn:9080/tmann/annInfoView/homePage.html|中国商标网||商标注册|http://sbgg.saic.gov.cn:9080/tmann/annInfoView/annSearch.html?annNum=1|#
1980-01-05|1|商标注册公告（一）|2018-12-15|C1DCAC7F17E0479FAF91FDFD01C07AC1||135122|http://sbgg.saic.gov.cn:9080/tmann/annInfoView/homePage.html|中国商标网||商标注册|http://sbgg.saic.gov.cn:9080/tmann/annInfoView/annSearch.html?annNum=1|#
1980-01-05|1|商标注册公告（一）|2018-12-15|7017A5EAEA1B4DCE827A7AB10783D359||135216|http://sbgg.saic.gov.cn:9080/tmann/annInfoView/homePage.html|中国商标网||商标注册|http://sbgg.saic.gov.cn:9080/tmann/annInfoView/annSearch.html?annNum=1|#
1980-01-05|1|商标注册公告（一）|2018-12-15|466C95C8746A4BC5A24A1A9E27CEFB5A|青岛前哨精密机械有限责任公司|135116|http://sbgg.saic.gov.cn:9080/tmann/annInfoView/homePage.html|中国商标网|宇航|商标注册|http://sbgg.saic.gov.cn:9080/tmann/annInfoView/annSearch.html?annNum=1|#
1980-01-05|1|商标注册公告（一）|2018-12-15|0E8324C6389140639F8285B0F18D3859||135048|http://sbgg.saic.gov.cn:9080/tmann/annInfoView/homePage.html|中国商标网||商标注册|http://sbgg.saic.gov.cn:9080/tmann/annInfoView/annSearch.html?annNum=1|#
1980-01-05|1|注册商标续展公告|2018-12-15|5DED8EDAE7304C6A990E8AE570B46495||31867|http://sbgg.saic.gov.cn:9080/tmann/annInfoView/homePage.html|中国商标网||商标注册|http://sbgg.saic.gov.cn:9080/tmann/annInfoView/annSearch.html?annNum=1|#
1980-01-05|1|商标注册公告（一）|2018-12-15|F147BD3B73DD4454B569119F749BA32C||135114|http://sbgg.saic.gov.cn:9080/tmann/annInfoView/homePage.html|中国商标网||商标注册|http://sbgg.saic.gov.cn:9080/tmann/annInfoView/annSearch.html?annNum=1|#
1980-01-05|1|商标注册公告（一）|2018-12-15|1D6339CA9E164205A9EEB565BFA22FFB||135111|http://sbgg.saic.gov.cn:9080/tmann/annInfoView/homePage.html|中国商标网||商标注册|http://sbgg.saic.gov.cn:9080/tmann/annInfoView/annSearch.html?annNum=1|#
1980-01-05|1|商标注册公告（一）|2018-12-15|F86FB1858F6F4E8F99BC7D02240DE5D1||135130|http://sbgg.saic.gov.cn:9080/tmann/annInfoView/homePage.html|中国商标网||商标注册|http://sbgg.saic.gov.cn:9080/tmann/annInfoView/annSearch.html?annNum=1|#
1980-01-05|1|商标注册公告（一）|2018-12-15|2BB6A08CA739479BAF3A278D05C5BE61||135090|http://sbgg.saic.gov.cn:9080/tmann/annInfoView/homePage.html|中国商标网||商标注册|http://sbgg.saic.gov.cn:9080/tmann/annInfoView/annSearch.html?annNum=1|#
1980-01-05|1|商标注册公告（一）|2018-12-15|25247993CD604E968FA8C848FA8179BD||135052|http://sbgg.saic.gov.cn:9080/tmann/annInfoView/homePage.html|中国商标网||商标注册|http://sbgg.saic.gov.cn:9080/tmann/annInfoView/annSearch.html?annNum=1|#
1980-01-05|1|商标注册公告（一）|2018-12-15|E6B0B48846294262B1EBCB92B136E9C0|龟甲万株式会社(日本)|135025|http://sbgg.saic.gov.cn:9080/tmann/annInfoView/homePage.html|中国商标网|万|商标注册|http://sbgg.saic.gov.cn:9080/tmann/annInfoView/annSearch.html?annNum=1|#
1980-01-05|1|商标注册公告（一）|2018-12-15|038044DBA9CA4CB6B9417CF72CFA5C30||135086|http://sbgg.saic.gov.cn:9080/tmann/annInfoView/homePage.html|中国商标网||商标注册|http://sbgg.saic.gov.cn:9080/tmann/annInfoView/annSearch.html?annNum=1|#
1980-01-05|1|商标注册公告（一）|2018-12-15|14666E4819DC4107ADB413CF232313DF||135109|http://sbgg.saic.gov.cn:9080/tmann/annInfoView/homePage.html|中国商标网||商标注册|http://sbgg.saic.gov.cn:9080/tmann/annInfoView/annSearch.html?annNum=1|#
1980-01-05|1|商标注册公告（一）|2018-12-15|5BB75EA65CA24651A45FFDAC4D5D8E29||135117|http://sbgg.saic.gov.cn:9080/tmann/annInfoView/homePage.html|中国商标网||商标注册|http://sbgg.saic.gov.cn:9080/tmann/annInfoView/annSearch.html?annNum=1|#
1980-01-05|1|商标注册公告（一）|2018-12-15|427C9C3E9C1647E69354ACBE0801B51D|上海上磁磁性器材有限责任公司|135150|http://sbgg.saic.gov.cn:9080/tmann/annInfoView/homePage.html|中国商标网|美通|商标注册|http://sbgg.saic.gov.cn:9080/tmann/annInfoView/annSearch.html?annNum=1|#
1980-01-05|1|商标注册公告（一）|2018-12-15|CA6DC6A78D9940328F9E6A603FA55789|北京化二股份有限公司|135207|http://sbgg.saic.gov.cn:9080/tmann/annInfoView/homePage.html|中国商标网|长城|商标注册|http://sbgg.saic.gov.cn:9080/tmann/annInfoView/annSearch.html?annNum=1|#
1980-01-05|1|商标注册公告（一）|2018-12-15|41AB274C6E0C4C1FAFD8FED8EC1306A4|湖北绿金子药业有限责任公司|135196|http://sbgg.saic.gov.cn:9080/tmann/annInfoView/homePage.html|中国商标网|鄂生|商标注册|http://sbgg.saic.gov.cn:9080/tmann/annInfoView/annSearch.html?annNum=1|#
1980-01-05|1|商标注册公告（一）|2018-12-15|8FE77ABF9C024A9CA88B6A0005B2017A||135033|http://sbgg.saic.gov.cn:9080/tmann/annInfoView/homePage.html|中国商标网||商标注册|http://sbgg.saic.gov.cn:9080/tmann/annInfoView/annSearch.html?annNum=1|#
1980-01-05|1|商标注册公告（一）|2018-12-15|5C5CBA07E59B4F448954C3DF96878473||135173|http://sbgg.saic.gov.cn:9080/tmann/annInfoView/homePage.html|中国商标网||商标注册|http://sbgg.saic.gov.cn:9080/tmann/annInfoView/annSearch.html?annNum=1|#
1980-01-05|1|注册商标续展公告|2018-12-15|9F1D561231E84BC7B2FE12059859B302||31868|http://sbgg.saic.gov.cn:9080/tmann/annInfoView/homePage.html|中国商标网||商标注册|http://sbgg.saic.gov.cn:9080/tmann/annInfoView/annSearch.html?annNum=1|#
1980-01-05|1|商标注册公告（一）|2018-12-15|F517B0B2BA784C749518017C5789FEB1||135022|http://sbgg.saic.gov.cn:9080/tmann/annInfoView/homePage.html|中国商标网||商标注册|http://sbgg.saic.gov.cn:9080/tmann/annInfoView/annSearch.html?annNum=1|#
1980-01-05|1|商标注册公告（一）|2018-12-15|30BDB6DBD81C4985AB8125EF161BD3EE||135034|http://sbgg.saic.gov.cn:9080/tmann/annInfoView/homePage.html|中国商标网||商标注册|http://sbgg.saic.gov.cn:9080/tmann/annInfoView/annSearch.html?annNum=1|#
1980-01-05|1|注册商标续展公告|2018-12-15|4B2AE7FA0DB046F8A36C5716ECF342E4||30751|http://sbgg.saic.gov.cn:9080/tmann/annInfoView/homePage.html|中国商标网||商标注册|http://sbgg.saic.gov.cn:9080/tmann/annInfoView/annSearch.html?annNum=1|#
1980-01-05|1|商标注册公告（一）|2018-12-15|DCB3D07048BA4D2A921D9F487D085D25||135073|http://sbgg.saic.gov.cn:9080/tmann/annInfoView/homePage.html|中国商标网||商标注册|http://sbgg.saic.gov.cn:9080/tmann/annInfoView/annSearch.html?annNum=1|#
1980-01-05|1|商标注册公告（一）|2018-12-15|E941F288576246CFA6628668F61395A1|丰田汽车公司|135092|http://sbgg.saic.gov.cn:9080/tmann/annInfoView/homePage.html|中国商标网|TOYOTA|商标注册|http://sbgg.saic.gov.cn:9080/tmann/annInfoView/annSearch.html?annNum=1|#
1980-01-05|1|商标注册公告（一）|2018-12-15|597A151302DE4651A6CBB7F045D19964|皇家飞利浦有限公司|135047|http://sbgg.saic.gov.cn:9080/tmann/annInfoView/homePage.html|中国商标网|PHILIPS|商标注册|http://sbgg.saic.gov.cn:9080/tmann/annInfoView/annSearch.html?annNum=1|#
1980-01-05|1|商标注册公告（一）|2018-12-15|76A66B28E47A405EA14DB1B7452E5FE5||135006|http://sbgg.saic.gov.cn:9080/tmann/annInfoView/homePage.html|中国商标网||商标注册|http://sbgg.saic.gov.cn:9080/tmann/annInfoView/annSearch.html?annNum=1|#
1980-01-05|1|商标注册公告（一）|2018-12-15|DAE6AD8460464639A47C6F46250397E2||135042|http://sbgg.saic.gov.cn:9080/tmann/annInfoView/homePage.html|中国商标网||商标注册|http://sbgg.saic.gov.cn:9080/tmann/annInfoView/annSearch.html?annNum=1|#
1980-01-05|1|商标注册公告（一）|2018-12-15|2A40627259634CE7B084AC94B46C8B66||135041|http://sbgg.saic.gov.cn:9080/tmann/annInfoView/homePage.html|中国商标网||商标注册|http://sbgg.saic.gov.cn:9080/tmann/annInfoView/annSearch.html?annNum=1|#
1980-01-05|1|商标注册公告（一）|2018-12-15|7F29587907394443973C6C4CF7E11E3B|丰田汽车公司|135091|http://sbgg.saic.gov.cn:9080/tmann/annInfoView/homePage.html|中国商标网|图形|商标注册|http://sbgg.saic.gov.cn:9080/tmann/annInfoView/annSearch.html?annNum=1|#
1980-01-05|1|注册商标续展公告|2018-12-15|77F376661A4241C4BF193C0CA27BE551||30755|http://sbgg.saic.gov.cn:9080/tmann/annInfoView/homePage.html|中国商标网||商标注册|http://sbgg.saic.gov.cn:9080/tmann/annInfoView/annSearch.html?annNum=1|#
1980-01-05|1|商标注册公告（一）|2018-12-15|F755A77025A54920AFEC85BFC5B8E3F0||135106|http://sbgg.saic.gov.cn:9080/tmann/annInfoView/homePage.html|中国商标网||商标注册|http://sbgg.saic.gov.cn:9080/tmann/annInfoView/annSearch.html?annNum=1|#
1980-01-05|1|商标注册公告（一）|2018-12-15|384314FA320940D5A4E2EF3E5DA7BECC||135076|http://sbgg.saic.gov.cn:9080/tmann/annInfoView/homePage.html|中国商标网||商标注册|http://sbgg.saic.gov.cn:9080/tmann/annInfoView/annSearch.html?annNum=1|#
1980-01-05|1|商标注册公告（一）|2018-12-15|85DFA72701564F72B3A84C56BFDF8C7E||135013|http://sbgg.saic.gov.cn:9080/tmann/annInfoView/homePage.html|中国商标网||商标注册|http://sbgg.saic.gov.cn:9080/tmann/annInfoView/annSearch.html?annNum=1|#
1980-01-05|1|商标注册公告（一）|2018-12-15|43F4CDAF60354A80BF236ACB8C1F3199||135214|http://sbgg.saic.gov.cn:9080/tmann/annInfoView/homePage.html|中国商标网||商标注册|http://sbgg.saic.gov.cn:9080/tmann/annInfoView/annSearch.html?annNum=1|#
1980-01-05|1|商标注册公告（一）|2018-12-15|3131874262A6482F8378792C0B12B773|皇家飞利浦有限公司|135053|http://sbgg.saic.gov.cn:9080/tmann/annInfoView/homePage.html|中国商标网|PHILIPS|商标注册|http://sbgg.saic.gov.cn:9080/tmann/annInfoView/annSearch.html?annNum=1|#
